#
# A fatal error has been detected by the Java Runtime Environment:
#
#  EXCEPTION_ACCESS_VIOLATION (0xc0000005) at pc=0x00000000629bba47, pid=11292, tid=11756
#
# JRE version: Java(TM) SE Runtime Environment (7.0_45-b18) (build 1.7.0_45-b18)
# Java VM: Java HotSpot(TM) 64-Bit Server VM (24.45-b08 mixed mode windows-amd64 compressed oops)
# Problematic frame:
# C  [gdx-bullet64.dll+0x17ba47]
#
# Failed to write core dump. Minidumps are not enabled by default on client versions of Windows
#
# If you would like to submit a bug report, please visit:
#   http://bugreport.sun.com/bugreport/crash.jsp
# The crash happened outside the Java Virtual Machine in native code.
# See problematic frame for where to report the bug.
#

---------------  T H R E A D  ---------------

Current thread (0x000000000c6af000):  JavaThread "LWJGL Application" [_thread_in_native, id=11756, stack(0x000000000e630000,0x000000000e730000)]

siginfo: ExceptionCode=0xc0000005, reading address 0x0000000000000000

Registers:
RAX=0x000000000e72f240, RBX=0x000000077c9988d0, RCX=0x0000000000000000, RDX=0x0000000000000000
RSP=0x000000000e72f050, RBP=0x000000000e72f208, RSI=0x00000000ef96c788, RDI=0x00000000027660f8
R8 =0x000000000e72f130, R9 =0x000000000028ac70, R10=0x00000000000000ca, R11=0x0000000064ffba20
R12=0x0000000000000000, R13=0x000000077c9988d0, R14=0x000000000e72f260, R15=0x000000000c6af000
RIP=0x00000000629bba47, EFLAGS=0x0000000000010202

Top of Stack: (sp=0x000000000e72f050)
0x000000000e72f050:   0000000000000000 00000000027b0da0
0x000000000e72f060:   0000000000000400 000000000e72f078
0x000000000e72f070:   0000000000000000 0000000000000001
0x000000000e72f080:   000000000c6af000 0000000000000000
0x000000000e72f090:   0000000000000000 0000000000000000
0x000000000e72f0a0:   0000000062a967a0 0000000062a985a2
0x000000000e72f0b0:   000000000e72f150 00000000629bbac3
0x000000000e72f0c0:   000000000e72f050 000000077c9988d0
0x000000000e72f0d0:   0000000000000000 000000000c6af000
0x000000000e72f0e0:   0000000062aa9c90 000000000c6af1e8
0x000000000e72f0f0:   000000000e72f248 000000000e72f120
0x000000000e72f100:   0000000062aa9c90 000000000c6af1e8
0x000000000e72f110:   000000000e72f240 000000000e72f130
0x000000000e72f120:   c03f031cbd89297d 00000000c1a73333
0x000000000e72f130:   411bc6c9c25d0b5b 0000000042760ca6
0x000000000e72f140:   000000000e72f240 000000000c6af1e8 

Instructions: (pc=0x00000000629bba47)
0x00000000629bba27:   00 00 0f 84 71 00 00 00 48 8b 94 24 20 01 00 00
0x00000000629bba37:   4c 8b 8c 24 40 01 00 00 48 8b 8c 24 20 01 00 00
0x00000000629bba47:   48 8b 02 48 8d 94 24 d0 00 00 00 48 8b 40 40 c7
0x00000000629bba57:   44 24 28 02 00 00 00 ff d0 48 8d 8c 24 b0 00 00 


Register to memory mapping:

RAX=0x000000000e72f240 is pointing into the stack for thread: 0x000000000c6af000
RBX=0x000000077c9988d0 is an oop
{method} 
 - klass: {other class}
RCX=0x0000000000000000 is an unknown value
RDX=0x0000000000000000 is an unknown value
RSP=0x000000000e72f050 is pointing into the stack for thread: 0x000000000c6af000
RBP=0x000000000e72f208 is pointing into the stack for thread: 0x000000000c6af000
RSI=0x00000000ef96c788 is an unknown value
RDI=0x00000000027660f8 is at code_begin+2520 in an Interpreter codelet
return entry points  [0x0000000002765720, 0x0000000002767520]  7680 bytes
R8 =0x000000000e72f130 is pointing into the stack for thread: 0x000000000c6af000
R9 =0x000000000028ac70 is an unknown value
R10=0x00000000000000ca is an unknown value
R11=0x0000000064ffba20 is an unknown value
R12=0x0000000000000000 is an unknown value
R13=0x000000077c9988d0 is an oop
{method} 
 - klass: {other class}
R14=0x000000000e72f260 is pointing into the stack for thread: 0x000000000c6af000
R15=0x000000000c6af000 is a thread


Stack: [0x000000000e630000,0x000000000e730000],  sp=0x000000000e72f050,  free space=1020k
Native frames: (J=compiled Java code, j=interpreted, Vv=VM code, C=native code)
C  [gdx-bullet64.dll+0x17ba47]
j  com.badlogic.gdx.physics.bullet.collision.btCollisionWorld.rayTest(Lcom/badlogic/gdx/math/Vector3;Lcom/badlogic/gdx/math/Vector3;Lcom/badlogic/gdx/physics/bullet/collision/RayResultCallback;)V+12
j  com.perfectplay.org.Cubebot.touchDown(IIII)Z+161
j  com.badlogic.gdx.InputMultiplexer.touchDown(IIII)Z+36
j  com.badlogic.gdx.backends.lwjgl.LwjglInput.processEvents()V+253
j  com.badlogic.gdx.backends.lwjgl.LwjglApplication.mainLoop()V+557
j  com.badlogic.gdx.backends.lwjgl.LwjglApplication$1.run()V+27
v  ~StubRoutines::call_stub
V  [jvm.dll+0x1cb0c3]

Java frames: (J=compiled Java code, j=interpreted, Vv=VM code)
j  com.badlogic.gdx.physics.bullet.collision.CollisionJNI.btCollisionWorld_rayTest(JLcom/badlogic/gdx/physics/bullet/collision/btCollisionWorld;Lcom/badlogic/gdx/math/Vector3;Lcom/badlogic/gdx/math/Vector3;JLcom/badlogic/gdx/physics/bullet/collision/RayResultCallback;)V+0
j  com.badlogic.gdx.physics.bullet.collision.btCollisionWorld.rayTest(Lcom/badlogic/gdx/math/Vector3;Lcom/badlogic/gdx/math/Vector3;Lcom/badlogic/gdx/physics/bullet/collision/RayResultCallback;)V+12
j  com.perfectplay.org.Cubebot.touchDown(IIII)Z+161
j  com.badlogic.gdx.InputMultiplexer.touchDown(IIII)Z+36
j  com.badlogic.gdx.backends.lwjgl.LwjglInput.processEvents()V+253
j  com.badlogic.gdx.backends.lwjgl.LwjglApplication.mainLoop()V+557
j  com.badlogic.gdx.backends.lwjgl.LwjglApplication$1.run()V+27
v  ~StubRoutines::call_stub

---------------  P R O C E S S  ---------------

Java Threads: ( => current thread )
  0x00000000156b6000 JavaThread "Timer" [_thread_blocked, id=7648, stack(0x0000000013880000,0x0000000013980000)]
  0x000000000c693800 JavaThread "AsynchExecutor-Thread" daemon [_thread_blocked, id=10812, stack(0x0000000013100000,0x0000000013200000)]
  0x0000000013be9000 JavaThread "LWJGL Timer" daemon [_thread_blocked, id=12132, stack(0x0000000016900000,0x0000000016a00000)]
  0x000000000036e000 JavaThread "DestroyJavaVM" [_thread_blocked, id=6532, stack(0x0000000002660000,0x0000000002760000)]
=>0x000000000c6af000 JavaThread "LWJGL Application" [_thread_in_native, id=11756, stack(0x000000000e630000,0x000000000e730000)]
  0x000000000b55f800 JavaThread "Service Thread" daemon [_thread_blocked, id=13240, stack(0x000000000df60000,0x000000000e060000)]
  0x000000000b55b800 JavaThread "C2 CompilerThread1" daemon [_thread_blocked, id=12012, stack(0x000000000de40000,0x000000000df40000)]
  0x000000000b555800 JavaThread "C2 CompilerThread0" daemon [_thread_blocked, id=5996, stack(0x000000000dd00000,0x000000000de00000)]
  0x000000000b554000 JavaThread "Attach Listener" daemon [_thread_blocked, id=3100, stack(0x000000000dab0000,0x000000000dbb0000)]
  0x000000000b553800 JavaThread "Signal Dispatcher" daemon [_thread_blocked, id=6280, stack(0x000000000d940000,0x000000000da40000)]
  0x000000000b541000 JavaThread "Finalizer" daemon [_thread_blocked, id=6772, stack(0x000000000d630000,0x000000000d730000)]
  0x000000000b540000 JavaThread "Reference Handler" daemon [_thread_blocked, id=12404, stack(0x000000000d750000,0x000000000d850000)]

Other Threads:
  0x000000000b53d000 VMThread [stack: 0x000000000d4c0000,0x000000000d5c0000] [id=9452]
  0x000000000c508000 WatcherThread [stack: 0x000000000e0e0000,0x000000000e1e0000] [id=12352]

VM state:not at safepoint (normal execution)

VM Mutex/Monitor currently owned by a thread: None

Heap
 PSYoungGen      total 38400K, used 14528K [0x00000007d5c00000, 0x00000007d8680000, 0x0000000800000000)
  eden space 33280K, 34% used [0x00000007d5c00000,0x00000007d672fea8,0x00000007d7c80000)
  from space 5120K, 60% used [0x00000007d8180000,0x00000007d8480470,0x00000007d8680000)
  to   space 5120K, 0% used [0x00000007d7c80000,0x00000007d7c80000,0x00000007d8180000)
 ParOldGen       total 86528K, used 170K [0x0000000781400000, 0x0000000786880000, 0x00000007d5c00000)
  object space 86528K, 0% used [0x0000000781400000,0x000000078142a978,0x0000000786880000)
 PSPermGen       total 21504K, used 9618K [0x000000077c200000, 0x000000077d700000, 0x0000000781400000)
  object space 21504K, 44% used [0x000000077c200000,0x000000077cb648f8,0x000000077d700000)

Card table byte_map: [0x0000000005820000,0x0000000005c40000] byte_map_base: 0x0000000001c3f000

Polling page: 0x0000000000340000

Code Cache  [0x0000000002760000, 0x00000000029d0000, 0x0000000005760000)
 total_blobs=930 nmethods=257 adapters=625 free_code_cache=47689Kb largest_free_block=48739328

Compilation events (10 events):
Event: 7.577 Thread 0x000000000b55b800 nmethod 262 0x0000000002828790 code [0x0000000002828900, 0x0000000002828a28]
Event: 7.579 Thread 0x000000000b55b800  263             java.util.regex.Pattern::sequence (553 bytes)
Event: 7.588 Thread 0x000000000b55b800 nmethod 263 0x000000000282b550 code [0x000000000282b7a0, 0x000000000282bed8]
Event: 8.288 Thread 0x000000000b55b800  264             sun.misc.URLClassPath::getResource (74 bytes)
Event: 8.327 Thread 0x000000000b55b800 nmethod 264 0x00000000028c1e50 code [0x00000000028c2240, 0x00000000028c3aa8]
Event: 8.327 Thread 0x000000000b55b800  265   !         sun.misc.URLClassPath$JarLoader::getResource (91 bytes)
Event: 8.343 Thread 0x000000000b55b800 nmethod 265 0x0000000002831d50 code [0x0000000002831f40, 0x0000000002832740]
Event: 8.343 Thread 0x000000000b55b800  266             java.util.regex.Pattern$TreeInfo::reset (21 bytes)
Event: 8.343 Thread 0x000000000b55b800 nmethod 266 0x000000000282b350 code [0x000000000282b480, 0x000000000282b4f8]
Event: 8.408 Thread 0x000000000b555800 nmethod 257 0x00000000028cfa10 code [0x00000000028d0500, 0x00000000028d9dc0]

GC Heap History (4 events):
Event: 4.786 GC heap before
{Heap before GC invocations=1 (full 0):
 PSYoungGen      total 38400K, used 33280K [0x00000007d5c00000, 0x00000007d8680000, 0x0000000800000000)
  eden space 33280K, 100% used [0x00000007d5c00000,0x00000007d7c80000,0x00000007d7c80000)
  from space 5120K, 0% used [0x00000007d8180000,0x00000007d8180000,0x00000007d8680000)
  to   space 5120K, 0% used [0x00000007d7c80000,0x00000007d7c80000,0x00000007d8180000)
 ParOldGen       total 86528K, used 0K [0x0000000781400000, 0x0000000786880000, 0x00000007d5c00000)
  object space 86528K, 0% used [0x0000000781400000,0x0000000781400000,0x0000000786880000)
 PSPermGen       total 21504K, used 9298K [0x000000077c200000, 0x000000077d700000, 0x0000000781400000)
  object space 21504K, 43% used [0x000000077c200000,0x000000077cb14998,0x000000077d700000)
Event: 4.801 GC heap after
Heap after GC invocations=1 (full 0):
 PSYoungGen      total 38400K, used 5118K [0x00000007d5c00000, 0x00000007d8680000, 0x0000000800000000)
  eden space 33280K, 0% used [0x00000007d5c00000,0x00000007d5c00000,0x00000007d7c80000)
  from space 5120K, 99% used [0x00000007d7c80000,0x00000007d817f998,0x00000007d8180000)
  to   space 5120K, 0% used [0x00000007d8180000,0x00000007d8180000,0x00000007d8680000)
 ParOldGen       total 86528K, used 162K [0x0000000781400000, 0x0000000786880000, 0x00000007d5c00000)
  object space 86528K, 0% used [0x0000000781400000,0x0000000781428978,0x0000000786880000)
 PSPermGen       total 21504K, used 9298K [0x000000077c200000, 0x000000077d700000, 0x0000000781400000)
  object space 21504K, 43% used [0x000000077c200000,0x000000077cb14998,0x000000077d700000)
}
Event: 8.248 GC heap before
{Heap before GC invocations=2 (full 0):
 PSYoungGen      total 38400K, used 38398K [0x00000007d5c00000, 0x00000007d8680000, 0x0000000800000000)
  eden space 33280K, 100% used [0x00000007d5c00000,0x00000007d7c80000,0x00000007d7c80000)
  from space 5120K, 99% used [0x00000007d7c80000,0x00000007d817f998,0x00000007d8180000)
  to   space 5120K, 0% used [0x00000007d8180000,0x00000007d8180000,0x00000007d8680000)
 ParOldGen       total 86528K, used 162K [0x0000000781400000, 0x0000000786880000, 0x00000007d5c00000)
  object space 86528K, 0% used [0x0000000781400000,0x0000000781428978,0x0000000786880000)
 PSPermGen       total 21504K, used 9582K [0x000000077c200000, 0x000000077d700000, 0x0000000781400000)
  object space 21504K, 44% used [0x000000077c200000,0x000000077cb5b898,0x000000077d700000)
Event: 8.264 GC heap after
Heap after GC invocations=2 (full 0):
 PSYoungGen      total 38400K, used 3073K [0x00000007d5c00000, 0x00000007d8680000, 0x0000000800000000)
  eden space 33280K, 0% used [0x00000007d5c00000,0x00000007d5c00000,0x00000007d7c80000)
  from space 5120K, 60% used [0x00000007d8180000,0x00000007d8480470,0x00000007d8680000)
  to   space 5120K, 0% used [0x00000007d7c80000,0x00000007d7c80000,0x00000007d8180000)
 ParOldGen       total 86528K, used 170K [0x0000000781400000, 0x0000000786880000, 0x00000007d5c00000)
  object space 86528K, 0% used [0x0000000781400000,0x000000078142a978,0x0000000786880000)
 PSPermGen       total 21504K, used 9582K [0x000000077c200000, 0x000000077d700000, 0x0000000781400000)
  object space 21504K, 44% used [0x000000077c200000,0x000000077cb5b898,0x000000077d700000)
}

Deoptimization events (10 events):
Event: 4.772 Thread 0x000000000c6af000 Uncommon trap: reason=array_check action=maybe_recompile pc=0x00000000028278fc method=com.badlogic.gdx.utils.Array.add(Ljava/lang/Object;)V @ 46
Event: 4.773 Thread 0x000000000c6af000 Uncommon trap: reason=array_check action=maybe_recompile pc=0x00000000028278fc method=com.badlogic.gdx.utils.Array.add(Ljava/lang/Object;)V @ 46
Event: 4.773 Thread 0x000000000c6af000 Uncommon trap: reason=array_check action=maybe_recompile pc=0x00000000028278fc method=com.badlogic.gdx.utils.Array.add(Ljava/lang/Object;)V @ 46
Event: 4.773 Thread 0x000000000c6af000 Uncommon trap: reason=array_check action=maybe_recompile pc=0x00000000028278fc method=com.badlogic.gdx.utils.Array.add(Ljava/lang/Object;)V @ 46
Event: 5.860 Thread 0x000000000c6af000 Uncommon trap: reason=unreached action=reinterpret pc=0x0000000002868ccc method=com.badlogic.gdx.utils.Array.iterator()Ljava/util/Iterator; @ 4
Event: 5.860 Thread 0x000000000c6af000 Uncommon trap: reason=unreached action=reinterpret pc=0x0000000002875068 method=com.badlogic.gdx.utils.Array$ArrayIterable.iterator()Ljava/util/Iterator; @ 4
Event: 6.743 Thread 0x000000000c6af000 Uncommon trap: reason=unreached action=reinterpret pc=0x0000000002878c44 method=com.badlogic.gdx.utils.Array.iterator()Ljava/util/Iterator; @ 4
Event: 6.743 Thread 0x000000000c6af000 Uncommon trap: reason=unreached action=reinterpret pc=0x00000000028775f0 method=com.badlogic.gdx.utils.Array.iterator()Ljava/util/Iterator; @ 4
Event: 8.362 Thread 0x000000000c693800 Uncommon trap: reason=null_check action=make_not_entrant pc=0x000000000283252c method=java.util.jar.JarFile.getJarEntry(Ljava/lang/String;)Ljava/util/jar/JarEntry; @ 5
Event: 9.242 Thread 0x000000000c6af000 Uncommon trap: reason=null_check action=make_not_entrant pc=0x00000000028c3554 method=java.util.jar.JarFile.getJarEntry(Ljava/lang/String;)Ljava/util/jar/JarEntry; @ 5

Internal exceptions (10 events):
Event: 5.860 Thread 0x000000000c6af000 Implicit null exception at 0x0000000002874ff0 to 0x0000000002875055
Event: 5.864 Thread 0x000000000c6af000 Threw 0x00000007d5e6ed48 at C:\re\jdk7u45\229\hotspot\src\share\vm\prims\jvm.cpp:1244
Event: 6.743 Thread 0x000000000c6af000 Implicit null exception at 0x0000000002878399 to 0x0000000002878c29
Event: 6.743 Thread 0x000000000c6af000 Implicit null exception at 0x0000000002876ff4 to 0x00000000028775dd
Event: 8.361 Thread 0x000000000c693800 Implicit null exception at 0x00000000028321d7 to 0x0000000002832521
Event: 9.242 Thread 0x000000000c6af000 Implicit null exception at 0x00000000028c2314 to 0x00000000028c3545
Event: 9.242 Thread 0x000000000c6af000 Threw 0x00000007d6700980 at C:\re\jdk7u45\229\hotspot\src\share\vm\prims\jvm.cpp:1244
Event: 9.243 Thread 0x000000000c6af000 Threw 0x00000007d67069d0 at C:\re\jdk7u45\229\hotspot\src\share\vm\prims\jvm.cpp:1244
Event: 9.243 Thread 0x000000000c6af000 Threw 0x00000007d670b1f8 at C:\re\jdk7u45\229\hotspot\src\share\vm\prims\jvm.cpp:1244
Event: 9.244 Thread 0x000000000c6af000 Threw 0x00000007d670e608 at C:\re\jdk7u45\229\hotspot\src\share\vm\prims\jvm.cpp:1244

Events (10 events):
Event: 9.242 Thread 0x000000000c6af000 DEOPT UNPACKING pc=0x00000000027975a4 sp=0x000000000e72d228 mode 2
Event: 9.243 loading class 0x0000000013ee38c0
Event: 9.243 loading class 0x0000000013ee38c0 done
Event: 9.243 loading class 0x000000000c52eac0
Event: 9.243 loading class 0x000000000c52eac0 done
Event: 9.244 Thread 0x00000000156b6000 Thread added: 0x00000000156b6000
Event: 9.244 loading class 0x0000000013aeb2e0
Event: 9.244 loading class 0x0000000013aeb2e0 done
Event: 9.244 Executing VM operation: RevokeBias
Event: 9.244 Executing VM operation: RevokeBias done


Dynamic libraries:
0x000000013f360000 - 0x000000013f393000 	C:\Program Files\Java\jre7\bin\javaw.exe
0x0000000076cf0000 - 0x0000000076e99000 	C:\Windows\SYSTEM32\ntdll.dll
0x0000000076bd0000 - 0x0000000076cef000 	C:\Windows\system32\kernel32.dll
0x000007fefcb50000 - 0x000007fefcbbb000 	C:\Windows\system32\KERNELBASE.dll
0x000007fefe700000 - 0x000007fefe7db000 	C:\Windows\system32\ADVAPI32.dll
0x000007fefe520000 - 0x000007fefe5bf000 	C:\Windows\system32\msvcrt.dll
0x000007fefe5c0000 - 0x000007fefe5df000 	C:\Windows\SYSTEM32\sechost.dll
0x000007fefeed0000 - 0x000007fefeffd000 	C:\Windows\system32\RPCRT4.dll
0x0000000076ad0000 - 0x0000000076bca000 	C:\Windows\system32\USER32.dll
0x000007fefe5e0000 - 0x000007fefe647000 	C:\Windows\system32\GDI32.dll
0x000007fefd780000 - 0x000007fefd78e000 	C:\Windows\system32\LPK.dll
0x000007fefe860000 - 0x000007fefe929000 	C:\Windows\system32\USP10.dll
0x000007fefb170000 - 0x000007fefb364000 	C:\Windows\WinSxS\amd64_microsoft.windows.common-controls_6595b64144ccf1df_6.0.7601.17514_none_fa396087175ac9ac\COMCTL32.dll
0x000007fefeba0000 - 0x000007fefec11000 	C:\Windows\system32\SHLWAPI.dll
0x000007fefe930000 - 0x000007fefe95e000 	C:\Windows\system32\IMM32.DLL
0x000007fefec40000 - 0x000007fefed49000 	C:\Windows\system32\MSCTF.dll
0x000007fefca60000 - 0x000007fefcaa0000 	C:\Windows\system32\nvinitx.dll
0x000000000f000000 - 0x000000000f006000 	C:\Program Files\NVIDIA Corporation\CoProcManager\_etoured.dll
0x000007fef93e0000 - 0x000007fef9434000 	C:\Program Files\NVIDIA Corporation\CoProcManager\nvd3d9wrapx.dll
0x000007fefd5a0000 - 0x000007fefd777000 	C:\Windows\system32\SETUPAPI.dll
0x000007fefce80000 - 0x000007fefceb6000 	C:\Windows\system32\CFGMGR32.dll
0x000007fefedf0000 - 0x000007fefeec7000 	C:\Windows\system32\OLEAUT32.dll
0x000007fefcf30000 - 0x000007fefd133000 	C:\Windows\system32\ole32.dll
0x000007fefcd90000 - 0x000007fefcdaa000 	C:\Windows\system32\DEVOBJ.dll
0x000007fef92f0000 - 0x000007fef9333000 	C:\Program Files\NVIDIA Corporation\CoProcManager\nvdxgiwrapx.dll
0x0000000065080000 - 0x0000000065152000 	C:\Program Files\Java\jre7\bin\msvcr100.dll
0x00000000648b0000 - 0x0000000065079000 	C:\Program Files\Java\jre7\bin\server\jvm.dll
0x000007fef8bd0000 - 0x000007fef8bd9000 	C:\Windows\system32\WSOCK32.dll
0x000007fefd2a0000 - 0x000007fefd2ed000 	C:\Windows\system32\WS2_32.dll
0x000007fefe6f0000 - 0x000007fefe6f8000 	C:\Windows\system32\NSI.dll
0x000007fefa950000 - 0x000007fefa98b000 	C:\Windows\system32\WINMM.dll
0x0000000076eb0000 - 0x0000000076eb7000 	C:\Windows\system32\PSAPI.DLL
0x0000000070620000 - 0x000000007062f000 	C:\Program Files\Java\jre7\bin\verify.dll
0x0000000065540000 - 0x0000000065568000 	C:\Program Files\Java\jre7\bin\java.dll
0x0000000065520000 - 0x0000000065535000 	C:\Program Files\Java\jre7\bin\zip.dll
0x0000000065580000 - 0x0000000065612000 	C:\Users\Javi\AppData\Local\Temp\libgdxJavi\4a145a8a\gdx64.dll
0x0000000180000000 - 0x0000000180051000 	C:\Users\Javi\AppData\Local\Temp\libgdxJavi\15a3d019\lwjgl64.dll
0x000007fef1580000 - 0x000007fef169d000 	C:\Windows\system32\OPENGL32.dll
0x000007fef1550000 - 0x000007fef157d000 	C:\Windows\system32\GLU32.dll
0x000007fef1450000 - 0x000007fef1541000 	C:\Windows\system32\DDRAW.dll
0x000007fef3290000 - 0x000007fef3298000 	C:\Windows\system32\DCIMAN32.dll
0x000007fefacc0000 - 0x000007fefacd8000 	C:\Windows\system32\dwmapi.dll
0x000007fefbba0000 - 0x000007fefbbac000 	C:\Windows\system32\VERSION.dll
0x00000000025e0000 - 0x0000000002644000 	C:\Users\Javi\AppData\Local\Temp\libgdxJavi\15a3d019\OpenAL64.dll
0x000007fefd790000 - 0x000007fefe518000 	C:\Windows\system32\SHELL32.dll
0x000007fefc990000 - 0x000007fefc99f000 	C:\Windows\system32\CRYPTBASE.dll
0x000007fefb0a0000 - 0x000007fefb0f6000 	C:\Windows\system32\uxtheme.dll
0x000007fefe650000 - 0x000007fefe6e9000 	C:\Windows\system32\CLBCatQ.DLL
0x000007fefb4b0000 - 0x000007fefb5dc000 	C:\Windows\System32\PROPSYS.dll
0x000007fefcbc0000 - 0x000007fefcbfa000 	C:\Windows\system32\WINTRUST.dll
0x000007fefcc10000 - 0x000007fefcd7c000 	C:\Windows\system32\CRYPT32.dll
0x00000000021a0000 - 0x00000000021af000 	C:\Windows\system32\MSASN1.dll
0x000007fef13c0000 - 0x000007fef1448000 	C:\Windows\system32\dsound.dll
0x000007fefb740000 - 0x000007fefb76c000 	C:\Windows\system32\POWRPROF.dll
0x000007fefb5e0000 - 0x000007fefb62b000 	C:\Windows\System32\MMDevApi.dll
0x000007fefa820000 - 0x000007fefa86f000 	C:\Windows\system32\AUDIOSES.DLL
0x000000000f410000 - 0x00000000105fb000 	C:\Windows\system32\ig4icd64.dll
0x000007fef9340000 - 0x000007fef93dc000 	C:\Windows\system32\mscms.dll
0x000007fefbd90000 - 0x000007fefbdae000 	C:\Windows\system32\USERENV.dll
0x000007fefcaa0000 - 0x000007fefcaaf000 	C:\Windows\system32\profapi.dll
0x000007fef0a50000 - 0x000007fef0a92000 	C:\Windows\system32\icm32.dll
0x0000000062840000 - 0x0000000062b9a000 	C:\Users\Javi\AppData\Local\Temp\libgdxJavi\61c02788\gdx-bullet64.dll
0x000007feee590000 - 0x000007feee6b5000 	C:\Windows\system32\dbghelp.dll

VM Arguments:
jvm_args: -Dfile.encoding=Cp1252 
java_command: com.perfectplay.org.Main
Launcher Type: SUN_STANDARD

Environment Variables:
JAVA_HOME=C:\Program Files\Java\jdk1.7.0_02
PATH=C:\Program Files (x86)\NVIDIA Corporation\PhysX\Common;C:\Program Files\Common Files\Microsoft Shared\Windows Live;C:\Windows\system32;C:\Windows;C:\Windows\System32\Wbem;C:\Windows\System32\WindowsPowerShell\v1.0\;C:\Program Files\Intel\WiFi\bin\;C:\Program Files\Common Files\Intel\WirelessCommon\;E:\Program Files\MATLAB\R2011b\bin;C:\Ant\bin;C:\Program Files\Microsoft\Web Platform Installer\;C:\Program Files (x86)\Microsoft ASP.NET\ASP.NET Web Pages\v1.0\;C:\Program Files (x86)\Windows Kits\8.0\Windows Performance Toolkit\;C:\Program Files\Microsoft SQL Server\110\Tools\Binn\;E:\Program Files\TortoiseSVN\bin;C:\Program Files\Common Files\Microsoft Shared\Windows Live;C:\Program Files\Intel\WiFi\bin\;C:\Program Files\Common Files\Intel\WirelessCommon\
USERNAME=Javi
OS=Windows_NT
PROCESSOR_IDENTIFIER=Intel64 Family 6 Model 42 Stepping 7, GenuineIntel



---------------  S Y S T E M  ---------------

OS: Windows 7 , 64 bit Build 7601 Service Pack 1

CPU:total 8 (4 cores per cpu, 2 threads per core) family 6 model 42 stepping 7, cmov, cx8, fxsr, mmx, sse, sse2, sse3, ssse3, sse4.1, sse4.2, popcnt, avx, aes, ht, tsc, tscinvbit

Memory: 4k page, physical 8300720k(1649104k free), swap 16599576k(8169304k free)

vm_info: Java HotSpot(TM) 64-Bit Server VM (24.45-b08) for windows-amd64 JRE (1.7.0_45-b18), built on Oct  8 2013 05:47:22 by "java_re" with unknown MS VC++:1600

time: Wed Mar 12 17:53:56 2014
elapsed time: 9 seconds

