#
# A fatal error has been detected by the Java Runtime Environment:
#
#  EXCEPTION_ACCESS_VIOLATION (0xc0000005) at pc=0x00000000629bba47, pid=12452, tid=1464
#
# JRE version: Java(TM) SE Runtime Environment (7.0_45-b18) (build 1.7.0_45-b18)
# Java VM: Java HotSpot(TM) 64-Bit Server VM (24.45-b08 mixed mode windows-amd64 compressed oops)
# Problematic frame:
# C  [gdx-bullet64.dll+0x17ba47]
#
# Failed to write core dump. Minidumps are not enabled by default on client versions of Windows
#
# If you would like to submit a bug report, please visit:
#   http://bugreport.sun.com/bugreport/crash.jsp
# The crash happened outside the Java Virtual Machine in native code.
# See problematic frame for where to report the bug.
#

---------------  T H R E A D  ---------------

Current thread (0x000000000c686800):  JavaThread "LWJGL Application" [_thread_in_native, id=1464, stack(0x000000000ee30000,0x000000000ef30000)]

siginfo: ExceptionCode=0xc0000005, reading address 0x0000000000000000

Registers:
RAX=0x000000000ef2eca0, RBX=0x000000077c997ea8, RCX=0x0000000000000000, RDX=0x0000000000000000
RSP=0x000000000ef2eab0, RBP=0x000000000ef2ec68, RSI=0x00000000ef96d31d, RDI=0x0000000002a060f8
R8 =0x000000000ef2eb90, R9 =0x0000000000568030, R10=0x000000000000008a, R11=0x0000000064ffba20
R12=0x0000000000000000, R13=0x000000077c997ea8, R14=0x000000000ef2ecc0, R15=0x000000000c686800
RIP=0x00000000629bba47, EFLAGS=0x0000000000010206

Top of Stack: (sp=0x000000000ef2eab0)
0x000000000ef2eab0:   0000000000000000 0000000002a50da0
0x000000000ef2eac0:   0000000000000400 000000000ef2ead8
0x000000000ef2ead0:   0000000000000000 0000000000000001
0x000000000ef2eae0:   000000000c686800 0000000000000000
0x000000000ef2eaf0:   0000000000000000 0000000000000000
0x000000000ef2eb00:   0000000062a967a0 0000000062a985a2
0x000000000ef2eb10:   000000000ef2ebb0 00000000629bbac3
0x000000000ef2eb20:   000000000ef2eab0 000000077c997ea8
0x000000000ef2eb30:   0000000000000000 000000000c686800
0x000000000ef2eb40:   0000000062aa9c90 000000000c6869e8
0x000000000ef2eb50:   000000000ef2eca8 000000000ef2eb80
0x000000000ef2eb60:   0000000062aa9c90 000000000c6869e8
0x000000000ef2eb70:   000000000ef2eca0 000000000ef2eb90
0x000000000ef2eb80:   c03ef0e3bd889ff7 00000000c1a73332
0x000000000ef2eb90:   412a7334c25c2c55 0000000042760b8d
0x000000000ef2eba0:   000000000ef2eca0 000000000c6869e8 

Instructions: (pc=0x00000000629bba47)
0x00000000629bba27:   00 00 0f 84 71 00 00 00 48 8b 94 24 20 01 00 00
0x00000000629bba37:   4c 8b 8c 24 40 01 00 00 48 8b 8c 24 20 01 00 00
0x00000000629bba47:   48 8b 02 48 8d 94 24 d0 00 00 00 48 8b 40 40 c7
0x00000000629bba57:   44 24 28 02 00 00 00 ff d0 48 8d 8c 24 b0 00 00 


Register to memory mapping:

RAX=0x000000000ef2eca0 is pointing into the stack for thread: 0x000000000c686800
RBX=0x000000077c997ea8 is an oop
{method} 
 - klass: {other class}
RCX=0x0000000000000000 is an unknown value
RDX=0x0000000000000000 is an unknown value
RSP=0x000000000ef2eab0 is pointing into the stack for thread: 0x000000000c686800
RBP=0x000000000ef2ec68 is pointing into the stack for thread: 0x000000000c686800
RSI=0x00000000ef96d31d is an unknown value
RDI=0x0000000002a060f8 is at code_begin+2520 in an Interpreter codelet
return entry points  [0x0000000002a05720, 0x0000000002a07520]  7680 bytes
R8 =0x000000000ef2eb90 is pointing into the stack for thread: 0x000000000c686800
R9 =0x0000000000568030 is an unknown value
R10=0x000000000000008a is an unknown value
R11=0x0000000064ffba20 is an unknown value
R12=0x0000000000000000 is an unknown value
R13=0x000000077c997ea8 is an oop
{method} 
 - klass: {other class}
R14=0x000000000ef2ecc0 is pointing into the stack for thread: 0x000000000c686800
R15=0x000000000c686800 is a thread


Stack: [0x000000000ee30000,0x000000000ef30000],  sp=0x000000000ef2eab0,  free space=1018k
Native frames: (J=compiled Java code, j=interpreted, Vv=VM code, C=native code)
C  [gdx-bullet64.dll+0x17ba47]
j  com.badlogic.gdx.physics.bullet.collision.btCollisionWorld.rayTest(Lcom/badlogic/gdx/math/Vector3;Lcom/badlogic/gdx/math/Vector3;Lcom/badlogic/gdx/physics/bullet/collision/RayResultCallback;)V+12
j  com.perfectplay.org.Cubebot.touchDown(IIII)Z+161
j  com.badlogic.gdx.InputMultiplexer.touchDown(IIII)Z+36
j  com.badlogic.gdx.backends.lwjgl.LwjglInput.processEvents()V+253
j  com.badlogic.gdx.backends.lwjgl.LwjglApplication.mainLoop()V+557
j  com.badlogic.gdx.backends.lwjgl.LwjglApplication$1.run()V+27
v  ~StubRoutines::call_stub
V  [jvm.dll+0x1cb0c3]

Java frames: (J=compiled Java code, j=interpreted, Vv=VM code)
j  com.badlogic.gdx.physics.bullet.collision.CollisionJNI.btCollisionWorld_rayTest(JLcom/badlogic/gdx/physics/bullet/collision/btCollisionWorld;Lcom/badlogic/gdx/math/Vector3;Lcom/badlogic/gdx/math/Vector3;JLcom/badlogic/gdx/physics/bullet/collision/RayResultCallback;)V+0
j  com.badlogic.gdx.physics.bullet.collision.btCollisionWorld.rayTest(Lcom/badlogic/gdx/math/Vector3;Lcom/badlogic/gdx/math/Vector3;Lcom/badlogic/gdx/physics/bullet/collision/RayResultCallback;)V+12
j  com.perfectplay.org.Cubebot.touchDown(IIII)Z+161
j  com.badlogic.gdx.InputMultiplexer.touchDown(IIII)Z+36
j  com.badlogic.gdx.backends.lwjgl.LwjglInput.processEvents()V+253
j  com.badlogic.gdx.backends.lwjgl.LwjglApplication.mainLoop()V+557
j  com.badlogic.gdx.backends.lwjgl.LwjglApplication$1.run()V+27
v  ~StubRoutines::call_stub

---------------  P R O C E S S  ---------------

Java Threads: ( => current thread )
  0x000000001418d800 JavaThread "Timer" [_thread_blocked, id=3088, stack(0x0000000014460000,0x0000000014560000)]
  0x0000000013b15000 JavaThread "AsynchExecutor-Thread" daemon [_thread_blocked, id=7708, stack(0x0000000016d20000,0x0000000016e20000)]
  0x000000000c649000 JavaThread "LWJGL Timer" daemon [_thread_blocked, id=9096, stack(0x0000000016920000,0x0000000016a20000)]
  0x00000000027ee000 JavaThread "DestroyJavaVM" [_thread_blocked, id=10500, stack(0x0000000002900000,0x0000000002a00000)]
=>0x000000000c686800 JavaThread "LWJGL Application" [_thread_in_native, id=1464, stack(0x000000000ee30000,0x000000000ef30000)]
  0x000000000c438000 JavaThread "Service Thread" daemon [_thread_blocked, id=12088, stack(0x000000000dc90000,0x000000000dd90000)]
  0x000000000b28e000 JavaThread "C2 CompilerThread1" daemon [_thread_blocked, id=8932, stack(0x000000000d9c0000,0x000000000dac0000)]
  0x000000000b282000 JavaThread "C2 CompilerThread0" daemon [_thread_blocked, id=11624, stack(0x000000000db20000,0x000000000dc20000)]
  0x000000000b280000 JavaThread "Attach Listener" daemon [_thread_blocked, id=1572, stack(0x000000000d840000,0x000000000d940000)]
  0x000000000b27f800 JavaThread "Signal Dispatcher" daemon [_thread_blocked, id=5388, stack(0x000000000d490000,0x000000000d590000)]
  0x00000000026ec800 JavaThread "Finalizer" daemon [_thread_blocked, id=8916, stack(0x000000000d740000,0x000000000d840000)]
  0x000000000b26f800 JavaThread "Reference Handler" daemon [_thread_blocked, id=8696, stack(0x000000000d5f0000,0x000000000d6f0000)]

Other Threads:
  0x000000000b26d000 VMThread [stack: 0x000000000d390000,0x000000000d490000] [id=10032]
  0x000000000c451000 WatcherThread [stack: 0x000000000dda0000,0x000000000dea0000] [id=12672]

VM state:not at safepoint (normal execution)

VM Mutex/Monitor currently owned by a thread: None

Heap
 PSYoungGen      total 38400K, used 29262K [0x00000007d5c00000, 0x00000007d8680000, 0x0000000800000000)
  eden space 33280K, 80% used [0x00000007d5c00000,0x00000007d760f738,0x00000007d7c80000)
  from space 5120K, 50% used [0x00000007d8180000,0x00000007d8404460,0x00000007d8680000)
  to   space 5120K, 0% used [0x00000007d7c80000,0x00000007d7c80000,0x00000007d8180000)
 ParOldGen       total 86528K, used 128K [0x0000000781400000, 0x0000000786880000, 0x00000007d5c00000)
  object space 86528K, 0% used [0x0000000781400000,0x0000000781420368,0x0000000786880000)
 PSPermGen       total 21504K, used 9641K [0x000000077c200000, 0x000000077d700000, 0x0000000781400000)
  object space 21504K, 44% used [0x000000077c200000,0x000000077cb6a5a0,0x000000077d700000)

Card table byte_map: [0x0000000005a00000,0x0000000005e20000] byte_map_base: 0x0000000001e1f000

Polling page: 0x0000000000130000

Code Cache  [0x0000000002a00000, 0x0000000002c70000, 0x0000000005a00000)
 total_blobs=953 nmethods=280 adapters=625 free_code_cache=47632Kb largest_free_block=48704704

Compilation events (10 events):
Event: 10.818 Thread 0x000000000b282000  284             sun.misc.URLClassPath::getResource (74 bytes)
Event: 10.820 Thread 0x000000000b28e000  285   !         sun.misc.URLClassPath$JarLoader::getResource (91 bytes)
Event: 10.840 Thread 0x000000000b28e000 nmethod 285 0x0000000002b76fd0 code [0x0000000002b771c0, 0x0000000002b779c0]
Event: 10.886 Thread 0x000000000b282000 nmethod 284 0x0000000002b71f90 code [0x0000000002b72380, 0x0000000002b73be8]
Event: 11.902 Thread 0x000000000b28e000  286             java.util.HashMap::get (29 bytes)
Event: 11.903 Thread 0x000000000b28e000 nmethod 286 0x0000000002b66d10 code [0x0000000002b66e60, 0x0000000002b66f08]
Event: 12.081 Thread 0x000000000b282000  288             java.util.regex.Pattern$TreeInfo::reset (21 bytes)
Event: 12.081 Thread 0x000000000b282000 nmethod 288 0x0000000002b64590 code [0x0000000002b646c0, 0x0000000002b64738]
Event: 13.093 Thread 0x000000000b28e000  289             com.badlogic.gdx.math.Vector2::set (12 bytes)
Event: 13.093 Thread 0x000000000b28e000 nmethod 289 0x0000000002ac78d0 code [0x0000000002ac7a00, 0x0000000002ac7a78]

GC Heap History (4 events):
Event: 3.340 GC heap before
{Heap before GC invocations=1 (full 0):
 PSYoungGen      total 38400K, used 33280K [0x00000007d5c00000, 0x00000007d8680000, 0x0000000800000000)
  eden space 33280K, 100% used [0x00000007d5c00000,0x00000007d7c80000,0x00000007d7c80000)
  from space 5120K, 0% used [0x00000007d8180000,0x00000007d8180000,0x00000007d8680000)
  to   space 5120K, 0% used [0x00000007d7c80000,0x00000007d7c80000,0x00000007d8180000)
 ParOldGen       total 86528K, used 0K [0x0000000781400000, 0x0000000786880000, 0x00000007d5c00000)
  object space 86528K, 0% used [0x0000000781400000,0x0000000781400000,0x0000000786880000)
 PSPermGen       total 21504K, used 9297K [0x000000077c200000, 0x000000077d700000, 0x0000000781400000)
  object space 21504K, 43% used [0x000000077c200000,0x000000077cb144b8,0x000000077d700000)
Event: 3.364 GC heap after
Heap after GC invocations=1 (full 0):
 PSYoungGen      total 38400K, used 5104K [0x00000007d5c00000, 0x00000007d8680000, 0x0000000800000000)
  eden space 33280K, 0% used [0x00000007d5c00000,0x00000007d5c00000,0x00000007d7c80000)
  from space 5120K, 99% used [0x00000007d7c80000,0x00000007d817c310,0x00000007d8180000)
  to   space 5120K, 0% used [0x00000007d8180000,0x00000007d8180000,0x00000007d8680000)
 ParOldGen       total 86528K, used 120K [0x0000000781400000, 0x0000000786880000, 0x00000007d5c00000)
  object space 86528K, 0% used [0x0000000781400000,0x000000078141e368,0x0000000786880000)
 PSPermGen       total 21504K, used 9297K [0x000000077c200000, 0x000000077d700000, 0x0000000781400000)
  object space 21504K, 43% used [0x000000077c200000,0x000000077cb144b8,0x000000077d700000)
}
Event: 10.785 GC heap before
{Heap before GC invocations=2 (full 0):
 PSYoungGen      total 38400K, used 38322K [0x00000007d5c00000, 0x00000007d8680000, 0x0000000800000000)
  eden space 33280K, 99% used [0x00000007d5c00000,0x00000007d7c70848,0x00000007d7c80000)
  from space 5120K, 99% used [0x00000007d7c80000,0x00000007d817c310,0x00000007d8180000)
  to   space 5120K, 0% used [0x00000007d8180000,0x00000007d8180000,0x00000007d8680000)
 ParOldGen       total 86528K, used 120K [0x0000000781400000, 0x0000000786880000, 0x00000007d5c00000)
  object space 86528K, 0% used [0x0000000781400000,0x000000078141e368,0x0000000786880000)
 PSPermGen       total 21504K, used 9604K [0x000000077c200000, 0x000000077d700000, 0x0000000781400000)
  object space 21504K, 44% used [0x000000077c200000,0x000000077cb61068,0x000000077d700000)
Event: 10.797 GC heap after
Heap after GC invocations=2 (full 0):
 PSYoungGen      total 38400K, used 2577K [0x00000007d5c00000, 0x00000007d8680000, 0x0000000800000000)
  eden space 33280K, 0% used [0x00000007d5c00000,0x00000007d5c00000,0x00000007d7c80000)
  from space 5120K, 50% used [0x00000007d8180000,0x00000007d8404460,0x00000007d8680000)
  to   space 5120K, 0% used [0x00000007d7c80000,0x00000007d7c80000,0x00000007d8180000)
 ParOldGen       total 86528K, used 128K [0x0000000781400000, 0x0000000786880000, 0x00000007d5c00000)
  object space 86528K, 0% used [0x0000000781400000,0x0000000781420368,0x0000000786880000)
 PSPermGen       total 21504K, used 9604K [0x000000077c200000, 0x000000077d700000, 0x0000000781400000)
  object space 21504K, 44% used [0x000000077c200000,0x000000077cb61068,0x000000077d700000)
}

Deoptimization events (10 events):
Event: 2.325 Thread 0x000000000c686800 Uncommon trap: reason=class_check action=maybe_recompile pc=0x0000000002acb214 method=com.badlogic.gdx.assets.AssetLoadingTask.handleAsyncLoader()V @ 137
Event: 2.340 Thread 0x000000000c686800 Uncommon trap: reason=unloaded action=reinterpret pc=0x0000000002ad33bc method=com.perfectplay.org.Cubebot.<init>()V @ 475
Event: 3.320 Thread 0x000000000c686800 Uncommon trap: reason=array_check action=maybe_recompile pc=0x0000000002acfabc method=com.badlogic.gdx.utils.Array.add(Ljava/lang/Object;)V @ 46
Event: 3.321 Thread 0x000000000c686800 Uncommon trap: reason=array_check action=maybe_recompile pc=0x0000000002acfabc method=com.badlogic.gdx.utils.Array.add(Ljava/lang/Object;)V @ 46
Event: 3.321 Thread 0x000000000c686800 Uncommon trap: reason=array_check action=maybe_recompile pc=0x0000000002acfabc method=com.badlogic.gdx.utils.Array.add(Ljava/lang/Object;)V @ 46
Event: 3.322 Thread 0x000000000c686800 Uncommon trap: reason=array_check action=maybe_recompile pc=0x0000000002acfabc method=com.badlogic.gdx.utils.Array.add(Ljava/lang/Object;)V @ 46
Event: 6.413 Thread 0x000000000c686800 Uncommon trap: reason=unreached action=reinterpret pc=0x0000000002b1c0c4 method=com.badlogic.gdx.utils.Array.iterator()Ljava/util/Iterator; @ 4
Event: 6.413 Thread 0x000000000c686800 Uncommon trap: reason=unreached action=reinterpret pc=0x0000000002b192b0 method=com.badlogic.gdx.utils.Array.iterator()Ljava/util/Iterator; @ 4
Event: 10.893 Thread 0x0000000013b15000 Uncommon trap: reason=null_check action=make_not_entrant pc=0x0000000002b777ac method=java.util.jar.JarFile.getJarEntry(Ljava/lang/String;)Ljava/util/jar/JarEntry; @ 5
Event: 13.102 Thread 0x000000000c686800 Uncommon trap: reason=null_check action=make_not_entrant pc=0x0000000002b73694 method=java.util.jar.JarFile.getJarEntry(Ljava/lang/String;)Ljava/util/jar/JarEntry; @ 5

Internal exceptions (10 events):
Event: 4.268 Thread 0x000000000c686800 Threw 0x00000007d5e5a648 at C:\re\jdk7u45\229\hotspot\src\share\vm\prims\jvm.cpp:1244
Event: 4.272 Thread 0x000000000c686800 Threw 0x00000007d5e62978 at C:\re\jdk7u45\229\hotspot\src\share\vm\prims\jvm.cpp:1244
Event: 6.413 Thread 0x000000000c686800 Implicit null exception at 0x0000000002b1b819 to 0x0000000002b1c0a9
Event: 6.413 Thread 0x000000000c686800 Implicit null exception at 0x0000000002b18cb4 to 0x0000000002b1929d
Event: 10.893 Thread 0x0000000013b15000 Implicit null exception at 0x0000000002b77457 to 0x0000000002b777a1
Event: 13.102 Thread 0x000000000c686800 Implicit null exception at 0x0000000002b72454 to 0x0000000002b73685
Event: 13.102 Thread 0x000000000c686800 Threw 0x00000007d75f43b0 at C:\re\jdk7u45\229\hotspot\src\share\vm\prims\jvm.cpp:1244
Event: 13.102 Thread 0x000000000c686800 Threw 0x00000007d75fa400 at C:\re\jdk7u45\229\hotspot\src\share\vm\prims\jvm.cpp:1244
Event: 13.103 Thread 0x000000000c686800 Threw 0x00000007d75fec28 at C:\re\jdk7u45\229\hotspot\src\share\vm\prims\jvm.cpp:1244
Event: 13.104 Thread 0x000000000c686800 Threw 0x00000007d7602038 at C:\re\jdk7u45\229\hotspot\src\share\vm\prims\jvm.cpp:1244

Events (10 events):
Event: 13.102 Thread 0x000000000c686800 DEOPT UNPACKING pc=0x0000000002a375a4 sp=0x000000000ef2cc88 mode 2
Event: 13.102 loading class 0x0000000013fe8b30
Event: 13.102 loading class 0x0000000013fe8b30 done
Event: 13.103 loading class 0x000000000c467ef0
Event: 13.103 loading class 0x000000000c467ef0 done
Event: 13.103 Thread 0x000000001418d800 Thread added: 0x000000001418d800
Event: 13.104 loading class 0x000000000c73b810
Event: 13.104 loading class 0x000000000c73b810 done
Event: 13.104 Executing VM operation: RevokeBias
Event: 13.104 Executing VM operation: RevokeBias done


Dynamic libraries:
0x000000013f360000 - 0x000000013f393000 	C:\Program Files\Java\jre7\bin\javaw.exe
0x0000000076cf0000 - 0x0000000076e99000 	C:\Windows\SYSTEM32\ntdll.dll
0x0000000076bd0000 - 0x0000000076cef000 	C:\Windows\system32\kernel32.dll
0x000007fefcb50000 - 0x000007fefcbbb000 	C:\Windows\system32\KERNELBASE.dll
0x000007fefe700000 - 0x000007fefe7db000 	C:\Windows\system32\ADVAPI32.dll
0x000007fefe520000 - 0x000007fefe5bf000 	C:\Windows\system32\msvcrt.dll
0x000007fefe5c0000 - 0x000007fefe5df000 	C:\Windows\SYSTEM32\sechost.dll
0x000007fefeed0000 - 0x000007fefeffd000 	C:\Windows\system32\RPCRT4.dll
0x0000000076ad0000 - 0x0000000076bca000 	C:\Windows\system32\USER32.dll
0x000007fefe5e0000 - 0x000007fefe647000 	C:\Windows\system32\GDI32.dll
0x000007fefd780000 - 0x000007fefd78e000 	C:\Windows\system32\LPK.dll
0x000007fefe860000 - 0x000007fefe929000 	C:\Windows\system32\USP10.dll
0x000007fefb170000 - 0x000007fefb364000 	C:\Windows\WinSxS\amd64_microsoft.windows.common-controls_6595b64144ccf1df_6.0.7601.17514_none_fa396087175ac9ac\COMCTL32.dll
0x000007fefeba0000 - 0x000007fefec11000 	C:\Windows\system32\SHLWAPI.dll
0x000007fefe930000 - 0x000007fefe95e000 	C:\Windows\system32\IMM32.DLL
0x000007fefec40000 - 0x000007fefed49000 	C:\Windows\system32\MSCTF.dll
0x000007fefca60000 - 0x000007fefcaa0000 	C:\Windows\system32\nvinitx.dll
0x000000000f000000 - 0x000000000f006000 	C:\Program Files\NVIDIA Corporation\CoProcManager\_etoured.dll
0x000007fef93e0000 - 0x000007fef9434000 	C:\Program Files\NVIDIA Corporation\CoProcManager\nvd3d9wrapx.dll
0x000007fefd5a0000 - 0x000007fefd777000 	C:\Windows\system32\SETUPAPI.dll
0x000007fefce80000 - 0x000007fefceb6000 	C:\Windows\system32\CFGMGR32.dll
0x000007fefedf0000 - 0x000007fefeec7000 	C:\Windows\system32\OLEAUT32.dll
0x000007fefcf30000 - 0x000007fefd133000 	C:\Windows\system32\ole32.dll
0x000007fefcd90000 - 0x000007fefcdaa000 	C:\Windows\system32\DEVOBJ.dll
0x000007fef92f0000 - 0x000007fef9333000 	C:\Program Files\NVIDIA Corporation\CoProcManager\nvdxgiwrapx.dll
0x0000000065080000 - 0x0000000065152000 	C:\Program Files\Java\jre7\bin\msvcr100.dll
0x00000000648b0000 - 0x0000000065079000 	C:\Program Files\Java\jre7\bin\server\jvm.dll
0x000007fef8bd0000 - 0x000007fef8bd9000 	C:\Windows\system32\WSOCK32.dll
0x000007fefd2a0000 - 0x000007fefd2ed000 	C:\Windows\system32\WS2_32.dll
0x000007fefe6f0000 - 0x000007fefe6f8000 	C:\Windows\system32\NSI.dll
0x000007fefa950000 - 0x000007fefa98b000 	C:\Windows\system32\WINMM.dll
0x0000000076eb0000 - 0x0000000076eb7000 	C:\Windows\system32\PSAPI.DLL
0x0000000070620000 - 0x000000007062f000 	C:\Program Files\Java\jre7\bin\verify.dll
0x0000000065540000 - 0x0000000065568000 	C:\Program Files\Java\jre7\bin\java.dll
0x0000000065520000 - 0x0000000065535000 	C:\Program Files\Java\jre7\bin\zip.dll
0x0000000065580000 - 0x0000000065612000 	C:\Users\Javi\AppData\Local\Temp\libgdxJavi\4a145a8a\gdx64.dll
0x0000000180000000 - 0x0000000180051000 	C:\Users\Javi\AppData\Local\Temp\libgdxJavi\15a3d019\lwjgl64.dll
0x000007fef1580000 - 0x000007fef169d000 	C:\Windows\system32\OPENGL32.dll
0x000007fef1550000 - 0x000007fef157d000 	C:\Windows\system32\GLU32.dll
0x000007fef1450000 - 0x000007fef1541000 	C:\Windows\system32\DDRAW.dll
0x000007fef3290000 - 0x000007fef3298000 	C:\Windows\system32\DCIMAN32.dll
0x000007fefacc0000 - 0x000007fefacd8000 	C:\Windows\system32\dwmapi.dll
0x000007fefbba0000 - 0x000007fefbbac000 	C:\Windows\system32\VERSION.dll
0x00000000026f0000 - 0x0000000002754000 	C:\Users\Javi\AppData\Local\Temp\libgdxJavi\15a3d019\OpenAL64.dll
0x000007fefd790000 - 0x000007fefe518000 	C:\Windows\system32\SHELL32.dll
0x000007fefc990000 - 0x000007fefc99f000 	C:\Windows\system32\CRYPTBASE.dll
0x000007fefb0a0000 - 0x000007fefb0f6000 	C:\Windows\system32\uxtheme.dll
0x000007fefe650000 - 0x000007fefe6e9000 	C:\Windows\system32\CLBCatQ.DLL
0x000007fefb4b0000 - 0x000007fefb5dc000 	C:\Windows\System32\PROPSYS.dll
0x000007fefcbc0000 - 0x000007fefcbfa000 	C:\Windows\system32\WINTRUST.dll
0x000007fefcc10000 - 0x000007fefcd7c000 	C:\Windows\system32\CRYPT32.dll
0x0000000000380000 - 0x000000000038f000 	C:\Windows\system32\MSASN1.dll
0x000007fef13c0000 - 0x000007fef1448000 	C:\Windows\system32\dsound.dll
0x000007fefb740000 - 0x000007fefb76c000 	C:\Windows\system32\POWRPROF.dll
0x000007fefb5e0000 - 0x000007fefb62b000 	C:\Windows\System32\MMDevApi.dll
0x000007fefa820000 - 0x000007fefa86f000 	C:\Windows\system32\AUDIOSES.DLL
0x000000000f410000 - 0x00000000105fb000 	C:\Windows\system32\ig4icd64.dll
0x000007fef9340000 - 0x000007fef93dc000 	C:\Windows\system32\mscms.dll
0x000007fefbd90000 - 0x000007fefbdae000 	C:\Windows\system32\USERENV.dll
0x000007fefcaa0000 - 0x000007fefcaaf000 	C:\Windows\system32\profapi.dll
0x000007fef0a50000 - 0x000007fef0a92000 	C:\Windows\system32\icm32.dll
0x0000000062840000 - 0x0000000062b9a000 	C:\Users\Javi\AppData\Local\Temp\libgdxJavi\61c02788\gdx-bullet64.dll
0x000007feee590000 - 0x000007feee6b5000 	C:\Windows\system32\dbghelp.dll

VM Arguments:
jvm_args: -Dfile.encoding=Cp1252 
java_command: com.perfectplay.org.Main
Launcher Type: SUN_STANDARD

Environment Variables:
JAVA_HOME=C:\Program Files\Java\jdk1.7.0_02
PATH=C:\Program Files (x86)\NVIDIA Corporation\PhysX\Common;C:\Program Files\Common Files\Microsoft Shared\Windows Live;C:\Windows\system32;C:\Windows;C:\Windows\System32\Wbem;C:\Windows\System32\WindowsPowerShell\v1.0\;C:\Program Files\Intel\WiFi\bin\;C:\Program Files\Common Files\Intel\WirelessCommon\;E:\Program Files\MATLAB\R2011b\bin;C:\Ant\bin;C:\Program Files\Microsoft\Web Platform Installer\;C:\Program Files (x86)\Microsoft ASP.NET\ASP.NET Web Pages\v1.0\;C:\Program Files (x86)\Windows Kits\8.0\Windows Performance Toolkit\;C:\Program Files\Microsoft SQL Server\110\Tools\Binn\;E:\Program Files\TortoiseSVN\bin;C:\Program Files\Common Files\Microsoft Shared\Windows Live;C:\Program Files\Intel\WiFi\bin\;C:\Program Files\Common Files\Intel\WirelessCommon\
USERNAME=Javi
OS=Windows_NT
PROCESSOR_IDENTIFIER=Intel64 Family 6 Model 42 Stepping 7, GenuineIntel



---------------  S Y S T E M  ---------------

OS: Windows 7 , 64 bit Build 7601 Service Pack 1

CPU:total 8 (4 cores per cpu, 2 threads per core) family 6 model 42 stepping 7, cmov, cx8, fxsr, mmx, sse, sse2, sse3, ssse3, sse4.1, sse4.2, popcnt, avx, aes, ht, tsc, tscinvbit

Memory: 4k page, physical 8300720k(1316300k free), swap 16599576k(7574492k free)

vm_info: Java HotSpot(TM) 64-Bit Server VM (24.45-b08) for windows-amd64 JRE (1.7.0_45-b18), built on Oct  8 2013 05:47:22 by "java_re" with unknown MS VC++:1600

time: Wed Mar 12 17:52:55 2014
elapsed time: 13 seconds

