#
# A fatal error has been detected by the Java Runtime Environment:
#
#  EXCEPTION_ACCESS_VIOLATION (0xc0000005) at pc=0x000000000fdaedde, pid=9448, tid=15976
#
# JRE version: Java(TM) SE Runtime Environment (7.0_45-b18) (build 1.7.0_45-b18)
# Java VM: Java HotSpot(TM) 64-Bit Server VM (24.45-b08 mixed mode windows-amd64 compressed oops)
# Problematic frame:
# C  [ig4icd64.dll+0x81edde]
#
# Failed to write core dump. Minidumps are not enabled by default on client versions of Windows
#
# If you would like to submit a bug report, please visit:
#   http://bugreport.sun.com/bugreport/crash.jsp
# The crash happened outside the Java Virtual Machine in native code.
# See problematic frame for where to report the bug.
#

---------------  T H R E A D  ---------------

Current thread (0x000000000c5a6000):  JavaThread "LWJGL Application" [_thread_in_native, id=15976, stack(0x000000000f490000,0x000000000f590000)]

siginfo: ExceptionCode=0xc0000005, reading address 0x0000000000000000

Registers:
RAX=0x0000000000000000, RBX=0x0000000014f11780, RCX=0x000000001099cf80, RDX=0x0000000000000000
RSP=0x000000000f58efe8, RBP=0x0000000000000000, RSI=0x0000000010a14270, RDI=0x000000001099cf80
R8 =0x0000000000000000, R9 =0x000000001099cf80, R10=0x0000000000000000, R11=0x0000000000000031
R12=0x0000000000000001, R13=0x0000000000000001, R14=0x0000000010a14270, R15=0x0000000010a3f2f0
RIP=0x000000000fdaedde, EFLAGS=0x0000000000010246

Top of Stack: (sp=0x000000000f58efe8)
0x000000000f58efe8:   000000000fdd055a 000000001099cf80
0x000000000f58eff8:   0000000000000001 000000000f58f0a0
0x000000000f58f008:   000000000fe22979 0000000014de3578
0x000000000f58f018:   0000000014de3830 000000001099cf80
0x000000000f58f028:   0000000014f11780 0000000000000004
0x000000000f58f038:   0000000000000000 0000000000000001
0x000000000f58f048:   000000000fdce740 0000000000000000
0x000000000f58f058:   0000000000000004 0000000000000000
0x000000000f58f068:   0000000000000001 000000001099cf80
0x000000000f58f078:   0000000000000013 0000000000000098
0x000000000f58f088:   0000000000008d40 0000000014b59620
0x000000000f58f098:   000000000f5d8ff0 0000000000000004
0x000000000f58f0a8:   000000003366f510 000000000000000b
0x000000000f58f0b8:   000000001099cf80 0000000014b59738
0x000000000f58f0c8:   000000000f5dac8b 0000000014b59620
0x000000000f58f0d8:   0000000000000000 000000001099cf80 

Instructions: (pc=0x000000000fdaedde)
0x000000000fdaedbe:   48 c7 47 08 00 00 00 00 48 83 c4 20 5f c3 cc cc
0x000000000fdaedce:   cc cc 48 8b 91 00 04 00 00 48 8b 81 90 f7 00 00
0x000000000fdaedde:   48 3b 02 74 07 8a 80 b8 00 00 00 c3 e9 01 ed ff
0x000000000fdaedee:   ff cc 4c 8b 01 4c 8b d1 41 b1 01 41 c6 00 00 8b 


Register to memory mapping:

RAX=0x0000000000000000 is an unknown value
RBX=0x0000000014f11780 is an unknown value
RCX=0x000000001099cf80 is an unknown value
RDX=0x0000000000000000 is an unknown value
RSP=0x000000000f58efe8 is pointing into the stack for thread: 0x000000000c5a6000
RBP=0x0000000000000000 is an unknown value
RSI=0x0000000010a14270 is an unknown value
RDI=0x000000001099cf80 is an unknown value
R8 =0x0000000000000000 is an unknown value
R9 =0x000000001099cf80 is an unknown value
R10=0x0000000000000000 is an unknown value
R11=0x0000000000000031 is an unknown value
R12=0x0000000000000001 is an unknown value
R13=0x0000000000000001 is an unknown value
R14=0x0000000010a14270 is an unknown value
R15=0x0000000010a3f2f0 is an unknown value


Stack: [0x000000000f490000,0x000000000f590000],  sp=0x000000000f58efe8,  free space=1019k
Native frames: (J=compiled Java code, j=interpreted, Vv=VM code, C=native code)
C  [ig4icd64.dll+0x81edde]

[error occurred during error reporting (printing native stack), id 0xc0000005]

Java frames: (J=compiled Java code, j=interpreted, Vv=VM code)
j  org.lwjgl.opengl.WindowsContextImplementation.nDestroy(Ljava/nio/ByteBuffer;)V+0
j  org.lwjgl.opengl.WindowsContextImplementation.destroy(Lorg/lwjgl/opengl/PeerInfo;Ljava/nio/ByteBuffer;)V+1
j  org.lwjgl.opengl.ContextGL.checkDestroy()V+29
j  org.lwjgl.opengl.ContextGL.destroy()V+48
j  org.lwjgl.opengl.ContextGL.forceDestroy()V+5
j  org.lwjgl.opengl.DrawableGL.destroy()V+24
j  org.lwjgl.opengl.Display$5.destroy()V+19
j  org.lwjgl.opengl.Display.destroy()V+9
J  com.badlogic.gdx.backends.lwjgl.LwjglApplication.mainLoop()V
j  com.badlogic.gdx.backends.lwjgl.LwjglApplication$1.run()V+27
v  ~StubRoutines::call_stub

---------------  P R O C E S S  ---------------

Java Threads: ( => current thread )
  0x00000000155a8000 JavaThread "AsynchExecutor-Thread" daemon [_thread_blocked, id=6248, stack(0x00000000210d0000,0x00000000211d0000)]
  0x0000000014014000 JavaThread "LWJGL Timer" daemon [_thread_blocked, id=10820, stack(0x0000000017b50000,0x0000000017c50000)]
  0x000000000028e000 JavaThread "DestroyJavaVM" [_thread_blocked, id=12520, stack(0x0000000002630000,0x0000000002730000)]
=>0x000000000c5a6000 JavaThread "LWJGL Application" [_thread_in_native, id=15976, stack(0x000000000f490000,0x000000000f590000)]
  0x000000000c3fd000 JavaThread "Service Thread" daemon [_thread_blocked, id=13760, stack(0x000000000d330000,0x000000000d430000)]
  0x000000000b457800 JavaThread "C2 CompilerThread1" daemon [_thread_blocked, id=4948, stack(0x000000000dfb0000,0x000000000e0b0000)]
  0x000000000b452000 JavaThread "C2 CompilerThread0" daemon [_thread_blocked, id=10108, stack(0x000000000ddf0000,0x000000000def0000)]
  0x000000000b450000 JavaThread "Attach Listener" daemon [_thread_blocked, id=14844, stack(0x000000000dbd0000,0x000000000dcd0000)]
  0x000000000b44f800 JavaThread "Signal Dispatcher" daemon [_thread_blocked, id=15736, stack(0x000000000d9d0000,0x000000000dad0000)]
  0x00000000025ec800 JavaThread "Finalizer" daemon [_thread_blocked, id=14552, stack(0x000000000d850000,0x000000000d950000)]
  0x000000000b43f800 JavaThread "Reference Handler" daemon [_thread_blocked, id=15052, stack(0x000000000d660000,0x000000000d760000)]

Other Threads:
  0x000000000b43d000 VMThread [stack: 0x000000000d470000,0x000000000d570000] [id=4892]
  0x000000000c406000 WatcherThread [stack: 0x000000000e150000,0x000000000e250000] [id=10584]

VM state:not at safepoint (normal execution)

VM Mutex/Monitor currently owned by a thread: None

Heap
 PSYoungGen      total 30720K, used 28611K [0x00000007d5c00000, 0x00000007d8400000, 0x0000000800000000)
  eden space 29696K, 93% used [0x00000007d5c00000,0x00000007d76fd830,0x00000007d7900000)
  from space 1024K, 95% used [0x00000007d7980000,0x00000007d7a736c0,0x00000007d7a80000)
  to   space 5632K, 0% used [0x00000007d7e80000,0x00000007d7e80000,0x00000007d8400000)
 ParOldGen       total 86528K, used 2645K [0x0000000781400000, 0x0000000786880000, 0x00000007d5c00000)
  object space 86528K, 3% used [0x0000000781400000,0x0000000781695580,0x0000000786880000)
 PSPermGen       total 21504K, used 9825K [0x000000077c200000, 0x000000077d700000, 0x0000000781400000)
  object space 21504K, 45% used [0x000000077c200000,0x000000077cb98438,0x000000077d700000)

Card table byte_map: [0x00000000057f0000,0x0000000005c10000] byte_map_base: 0x0000000001c0f000

Polling page: 0x0000000000140000

Code Cache  [0x00000000027f0000, 0x0000000002a60000, 0x00000000057f0000)
 total_blobs=1273 nmethods=600 adapters=625 free_code_cache=46946Kb largest_free_block=48031168

Compilation events (10 events):
Event: 408.201 Thread 0x000000000b452000  627             aurelienribon.tweenengine.BaseTween::isInitialized (5 bytes)
Event: 408.201 Thread 0x000000000b452000 nmethod 627 0x0000000002a10bd0 code [0x0000000002a10d00, 0x0000000002a10d58]
Event: 443.407 Thread 0x000000000b457800  628             com.badlogic.gdx.utils.ObjectMap::get (76 bytes)
Event: 443.413 Thread 0x000000000b457800 nmethod 628 0x0000000002a16190 code [0x0000000002a16320, 0x0000000002a16978]
Event: 469.916 Thread 0x000000000b452000  629             java.lang.String::indexOf (25 bytes)
Event: 469.917 Thread 0x000000000b452000 nmethod 629 0x0000000002a1df90 code [0x0000000002a1e0e0, 0x0000000002a1e1a8]
Event: 477.712 Thread 0x000000000b457800  630             org.lwjgl.opengl.WindowsDisplay::handleMessage (29 bytes)
Event: 477.712 Thread 0x000000000b452000  631             org.lwjgl.opengl.WindowsDisplay::doHandleMessage (950 bytes)
Event: 477.713 Thread 0x000000000b457800 nmethod 630 0x0000000002a1dcd0 code [0x0000000002a1de20, 0x0000000002a1dec8]
Event: 477.724 Thread 0x000000000b452000 nmethod 631 0x0000000002a1f7d0 code [0x0000000002a1fc20, 0x0000000002a20c68]

GC Heap History (10 events):
Event: 205.507 GC heap before
{Heap before GC invocations=7 (full 0):
 PSYoungGen      total 36864K, used 34580K [0x00000007d5c00000, 0x00000007d8680000, 0x0000000800000000)
  eden space 32256K, 100% used [0x00000007d5c00000,0x00000007d7b80000,0x00000007d7b80000)
  from space 4608K, 50% used [0x00000007d8200000,0x00000007d8445140,0x00000007d8680000)
  to   space 5632K, 0% used [0x00000007d7b80000,0x00000007d7b80000,0x00000007d8100000)
 ParOldGen       total 86528K, used 591K [0x0000000781400000, 0x0000000786880000, 0x00000007d5c00000)
  object space 86528K, 0% used [0x0000000781400000,0x0000000781493e58,0x0000000786880000)
 PSPermGen       total 21504K, used 9786K [0x000000077c200000, 0x000000077d700000, 0x0000000781400000)
  object space 21504K, 45% used [0x000000077c200000,0x000000077cb8e940,0x000000077d700000)
Event: 205.514 GC heap after
Heap after GC invocations=7 (full 0):
 PSYoungGen      total 32768K, used 878K [0x00000007d5c00000, 0x00000007d8600000, 0x0000000800000000)
  eden space 31744K, 0% used [0x00000007d5c00000,0x00000007d5c00000,0x00000007d7b00000)
  from space 1024K, 85% used [0x00000007d7b80000,0x00000007d7c5b890,0x00000007d7c80000)
  to   space 5632K, 0% used [0x00000007d8080000,0x00000007d8080000,0x00000007d8600000)
 ParOldGen       total 86528K, used 2130K [0x0000000781400000, 0x0000000786880000, 0x00000007d5c00000)
  object space 86528K, 2% used [0x0000000781400000,0x0000000781614bc0,0x0000000786880000)
 PSPermGen       total 21504K, used 9786K [0x000000077c200000, 0x000000077d700000, 0x0000000781400000)
  object space 21504K, 45% used [0x000000077c200000,0x000000077cb8e940,0x000000077d700000)
}
Event: 249.383 GC heap before
{Heap before GC invocations=8 (full 0):
 PSYoungGen      total 32768K, used 32622K [0x00000007d5c00000, 0x00000007d8600000, 0x0000000800000000)
  eden space 31744K, 100% used [0x00000007d5c00000,0x00000007d7b00000,0x00000007d7b00000)
  from space 1024K, 85% used [0x00000007d7b80000,0x00000007d7c5b890,0x00000007d7c80000)
  to   space 5632K, 0% used [0x00000007d8080000,0x00000007d8080000,0x00000007d8600000)
 ParOldGen       total 86528K, used 2130K [0x0000000781400000, 0x0000000786880000, 0x00000007d5c00000)
  object space 86528K, 2% used [0x0000000781400000,0x0000000781614bc0,0x0000000786880000)
 PSPermGen       total 21504K, used 9789K [0x000000077c200000, 0x000000077d700000, 0x0000000781400000)
  object space 21504K, 45% used [0x000000077c200000,0x000000077cb8f4f8,0x000000077d700000)
Event: 249.386 GC heap after
Heap after GC invocations=8 (full 0):
 PSYoungGen      total 36352K, used 2350K [0x00000007d5c00000, 0x00000007d8580000, 0x0000000800000000)
  eden space 31232K, 0% used [0x00000007d5c00000,0x00000007d5c00000,0x00000007d7a80000)
  from space 5120K, 45% used [0x00000007d8080000,0x00000007d82cb8a0,0x00000007d8580000)
  to   space 5632K, 0% used [0x00000007d7a80000,0x00000007d7a80000,0x00000007d8000000)
 ParOldGen       total 86528K, used 2272K [0x0000000781400000, 0x0000000786880000, 0x00000007d5c00000)
  object space 86528K, 2% used [0x0000000781400000,0x00000007816380c0,0x0000000786880000)
 PSPermGen       total 21504K, used 9789K [0x000000077c200000, 0x000000077d700000, 0x0000000781400000)
  object space 21504K, 45% used [0x000000077c200000,0x000000077cb8f4f8,0x000000077d700000)
}
Event: 306.532 GC heap before
{Heap before GC invocations=9 (full 0):
 PSYoungGen      total 36352K, used 33582K [0x00000007d5c00000, 0x00000007d8580000, 0x0000000800000000)
  eden space 31232K, 100% used [0x00000007d5c00000,0x00000007d7a80000,0x00000007d7a80000)
  from space 5120K, 45% used [0x00000007d8080000,0x00000007d82cb8a0,0x00000007d8580000)
  to   space 5632K, 0% used [0x00000007d7a80000,0x00000007d7a80000,0x00000007d8000000)
 ParOldGen       total 86528K, used 2272K [0x0000000781400000, 0x0000000786880000, 0x00000007d5c00000)
  object space 86528K, 2% used [0x0000000781400000,0x00000007816380c0,0x0000000786880000)
 PSPermGen       total 21504K, used 9795K [0x000000077c200000, 0x000000077d700000, 0x0000000781400000)
  object space 21504K, 45% used [0x000000077c200000,0x000000077cb90f50,0x000000077d700000)
Event: 306.533 GC heap after
Heap after GC invocations=9 (full 0):
 PSYoungGen      total 32256K, used 1052K [0x00000007d5c00000, 0x00000007d8500000, 0x0000000800000000)
  eden space 30720K, 0% used [0x00000007d5c00000,0x00000007d5c00000,0x00000007d7a00000)
  from space 1536K, 68% used [0x00000007d7a80000,0x00000007d7b87120,0x00000007d7c00000)
  to   space 5632K, 0% used [0x00000007d7f80000,0x00000007d7f80000,0x00000007d8500000)
 ParOldGen       total 86528K, used 2381K [0x0000000781400000, 0x0000000786880000, 0x00000007d5c00000)
  object space 86528K, 2% used [0x0000000781400000,0x00000007816535c0,0x0000000786880000)
 PSPermGen       total 21504K, used 9795K [0x000000077c200000, 0x000000077d700000, 0x0000000781400000)
  object space 21504K, 45% used [0x000000077c200000,0x000000077cb90f50,0x000000077d700000)
}
Event: 352.479 GC heap before
{Heap before GC invocations=10 (full 0):
 PSYoungGen      total 32256K, used 31772K [0x00000007d5c00000, 0x00000007d8500000, 0x0000000800000000)
  eden space 30720K, 100% used [0x00000007d5c00000,0x00000007d7a00000,0x00000007d7a00000)
  from space 1536K, 68% used [0x00000007d7a80000,0x00000007d7b87120,0x00000007d7c00000)
  to   space 5632K, 0% used [0x00000007d7f80000,0x00000007d7f80000,0x00000007d8500000)
 ParOldGen       total 86528K, used 2381K [0x0000000781400000, 0x0000000786880000, 0x00000007d5c00000)
  object space 86528K, 2% used [0x0000000781400000,0x00000007816535c0,0x0000000786880000)
 PSPermGen       total 21504K, used 9801K [0x000000077c200000, 0x000000077d700000, 0x0000000781400000)
  object space 21504K, 45% used [0x000000077c200000,0x000000077cb924f8,0x000000077d700000)
Event: 352.480 GC heap after
Heap after GC invocations=10 (full 0):
 PSYoungGen      total 35328K, used 686K [0x00000007d5c00000, 0x00000007d8480000, 0x0000000800000000)
  eden space 30208K, 0% used [0x00000007d5c00000,0x00000007d5c00000,0x00000007d7980000)
  from space 5120K, 13% used [0x00000007d7f80000,0x00000007d802b890,0x00000007d8480000)
  to   space 5632K, 0% used [0x00000007d7980000,0x00000007d7980000,0x00000007d7f00000)
 ParOldGen       total 86528K, used 2528K [0x0000000781400000, 0x0000000786880000, 0x00000007d5c00000)
  object space 86528K, 2% used [0x0000000781400000,0x0000000781678040,0x0000000786880000)
 PSPermGen       total 21504K, used 9801K [0x000000077c200000, 0x000000077d700000, 0x0000000781400000)
  object space 21504K, 45% used [0x000000077c200000,0x000000077cb924f8,0x000000077d700000)
}
Event: 412.262 GC heap before
{Heap before GC invocations=11 (full 0):
 PSYoungGen      total 35328K, used 30894K [0x00000007d5c00000, 0x00000007d8480000, 0x0000000800000000)
  eden space 30208K, 100% used [0x00000007d5c00000,0x00000007d7980000,0x00000007d7980000)
  from space 5120K, 13% used [0x00000007d7f80000,0x00000007d802b890,0x00000007d8480000)
  to   space 5632K, 0% used [0x00000007d7980000,0x00000007d7980000,0x00000007d7f00000)
 ParOldGen       total 86528K, used 2528K [0x0000000781400000, 0x0000000786880000, 0x00000007d5c00000)
  object space 86528K, 2% used [0x0000000781400000,0x0000000781678040,0x0000000786880000)
 PSPermGen       total 21504K, used 9816K [0x000000077c200000, 0x000000077d700000, 0x0000000781400000)
  object space 21504K, 45% used [0x000000077c200000,0x000000077cb96360,0x000000077d700000)
Event: 412.263 GC heap after
Heap after GC invocations=11 (full 0):
 PSYoungGen      total 30720K, used 973K [0x00000007d5c00000, 0x00000007d8400000, 0x0000000800000000)
  eden space 29696K, 0% used [0x00000007d5c00000,0x00000007d5c00000,0x00000007d7900000)
  from space 1024K, 95% used [0x00000007d7980000,0x00000007d7a736c0,0x00000007d7a80000)
  to   space 5632K, 0% used [0x00000007d7e80000,0x00000007d7e80000,0x00000007d8400000)
 ParOldGen       total 86528K, used 2645K [0x0000000781400000, 0x0000000786880000, 0x00000007d5c00000)
  object space 86528K, 3% used [0x0000000781400000,0x0000000781695580,0x0000000786880000)
 PSPermGen       total 21504K, used 9816K [0x000000077c200000, 0x000000077d700000, 0x0000000781400000)
  object space 21504K, 45% used [0x000000077c200000,0x000000077cb96360,0x000000077d700000)
}

Deoptimization events (10 events):
Event: 20.204 Thread 0x000000000c5a6000 Uncommon trap: reason=unreached action=reinterpret pc=0x000000000292af34 method=com.badlogic.gdx.graphics.GLTexture.unsafeSetWrap(Lcom/badlogic/gdx/graphics/Texture$TextureWrap;Lcom/badlogic/gdx/graphics/Texture$TextureWrap;Z)V @ 13
Event: 28.621 Thread 0x000000000c5a6000 Uncommon trap: reason=class_check action=maybe_recompile pc=0x000000000295db80 method=aurelienribon.tweenengine.Tween.updateOverride(IIZF)V @ 55
Event: 28.621 Thread 0x000000000c5a6000 Uncommon trap: reason=class_check action=maybe_recompile pc=0x000000000295db80 method=aurelienribon.tweenengine.Tween.updateOverride(IIZF)V @ 55
Event: 28.991 Thread 0x000000000c5a6000 Uncommon trap: reason=null_check action=make_not_entrant pc=0x00000000029871ac method=com.badlogic.gdx.utils.ObjectIntMap.get(Ljava/lang/Object;I)I @ 63
Event: 28.991 Thread 0x000000000c5a6000 Uncommon trap: reason=null_check action=make_not_entrant pc=0x00000000028bdef0 method=com.badlogic.gdx.utils.ObjectIntMap.get(Ljava/lang/Object;I)I @ 42
Event: 28.991 Thread 0x000000000c5a6000 Uncommon trap: reason=unreached action=reinterpret pc=0x0000000002955884 method=com.badlogic.gdx.graphics.glutils.ShaderProgram.ensureBufferCapacity(I)V @ 4
Event: 49.999 Thread 0x0000000015466800 Uncommon trap: reason=null_check action=make_not_entrant pc=0x000000000299352c method=java.util.jar.JarFile.getJarEntry(Ljava/lang/String;)Ljava/util/jar/JarEntry; @ 5
Event: 177.227 Thread 0x000000000c5a6000 Uncommon trap: reason=unreached action=reinterpret pc=0x00000000029155fc method=java.util.HashMap.getEntry(Ljava/lang/Object;)Ljava/util/HashMap$Entry; @ 10
Event: 185.916 Thread 0x000000000c5a6000 Uncommon trap: reason=null_check action=make_not_entrant pc=0x00000000029e1f58 method=com.badlogic.gdx.utils.ObjectMap.get(Ljava/lang/Object;)Ljava/lang/Object; @ 57
Event: 469.703 Thread 0x000000000c5a6000 Uncommon trap: reason=null_check action=make_not_entrant pc=0x0000000002a16928 method=com.badlogic.gdx.utils.ObjectMap.get(Ljava/lang/Object;)Ljava/lang/Object; @ 38

Internal exceptions (10 events):
Event: 23.803 Thread 0x000000000c5a6000 Threw 0x00000007d6d931a8 at C:\re\jdk7u45\229\hotspot\src\share\vm\prims\jvm.cpp:1244
Event: 23.804 Thread 0x000000000c5a6000 Threw 0x00000007d6d965b8 at C:\re\jdk7u45\229\hotspot\src\share\vm\prims\jvm.cpp:1244
Event: 28.991 Thread 0x000000000c5a6000 Implicit null exception at 0x0000000002986f09 to 0x0000000002987198
Event: 28.991 Thread 0x000000000c5a6000 Implicit null exception at 0x00000000028bdbc0 to 0x00000000028bdec9
Event: 28.991 Thread 0x000000000c5a6000 Implicit null exception at 0x00000000029554ce to 0x000000000295584d
Event: 49.999 Thread 0x0000000015466800 Implicit null exception at 0x00000000029931d7 to 0x0000000002993521
Event: 177.227 Thread 0x000000000c5a6000 Implicit null exception at 0x00000000029151e3 to 0x00000000029155ed
Event: 185.916 Thread 0x000000000c5a6000 Implicit null exception at 0x00000000029e1bf5 to 0x00000000029e1f45
Event: 469.702 Thread 0x000000000c5a6000 Implicit null exception at 0x0000000002a1648e to 0x0000000002a16915
Event: 478.157 Thread 0x000000000c5a6000 Threw 0x00000007d76a1570 at C:\re\jdk7u45\229\hotspot\src\share\vm\prims\jvm.cpp:1244

Events (10 events):
Event: 469.814 Executing VM operation: BulkRevokeBias done
Event: 469.814 Executing VM operation: RevokeBias
Event: 469.814 Executing VM operation: RevokeBias done
Event: 469.819 Executing VM operation: RevokeBias
Event: 469.819 Executing VM operation: RevokeBias done
Event: 478.157 loading class 0x000000000c494100
Event: 478.157 loading class 0x000000000c494100 done
Event: 478.158 Executing VM operation: RevokeBias
Event: 478.158 Executing VM operation: RevokeBias done
Event: 478.158 Thread 0x0000000013f52000 Thread exited: 0x0000000013f52000


Dynamic libraries:
0x000000013f360000 - 0x000000013f393000 	C:\Program Files\Java\jre7\bin\javaw.exe
0x0000000076cf0000 - 0x0000000076e99000 	C:\Windows\SYSTEM32\ntdll.dll
0x0000000076bd0000 - 0x0000000076cef000 	C:\Windows\system32\kernel32.dll
0x000007fefcb50000 - 0x000007fefcbbb000 	C:\Windows\system32\KERNELBASE.dll
0x000007fefe700000 - 0x000007fefe7db000 	C:\Windows\system32\ADVAPI32.dll
0x000007fefe520000 - 0x000007fefe5bf000 	C:\Windows\system32\msvcrt.dll
0x000007fefe5c0000 - 0x000007fefe5df000 	C:\Windows\SYSTEM32\sechost.dll
0x000007fefeed0000 - 0x000007fefeffd000 	C:\Windows\system32\RPCRT4.dll
0x0000000076ad0000 - 0x0000000076bca000 	C:\Windows\system32\USER32.dll
0x000007fefe5e0000 - 0x000007fefe647000 	C:\Windows\system32\GDI32.dll
0x000007fefd780000 - 0x000007fefd78e000 	C:\Windows\system32\LPK.dll
0x000007fefe860000 - 0x000007fefe929000 	C:\Windows\system32\USP10.dll
0x000007fefb170000 - 0x000007fefb364000 	C:\Windows\WinSxS\amd64_microsoft.windows.common-controls_6595b64144ccf1df_6.0.7601.17514_none_fa396087175ac9ac\COMCTL32.dll
0x000007fefeba0000 - 0x000007fefec11000 	C:\Windows\system32\SHLWAPI.dll
0x000007fefe930000 - 0x000007fefe95e000 	C:\Windows\system32\IMM32.DLL
0x000007fefec40000 - 0x000007fefed49000 	C:\Windows\system32\MSCTF.dll
0x000007fefca60000 - 0x000007fefcaa0000 	C:\Windows\system32\nvinitx.dll
0x000000000f000000 - 0x000000000f006000 	C:\Program Files\NVIDIA Corporation\CoProcManager\_etoured.dll
0x000007fef93e0000 - 0x000007fef9434000 	C:\Program Files\NVIDIA Corporation\CoProcManager\nvd3d9wrapx.dll
0x000007fefd5a0000 - 0x000007fefd777000 	C:\Windows\system32\SETUPAPI.dll
0x000007fefce80000 - 0x000007fefceb6000 	C:\Windows\system32\CFGMGR32.dll
0x000007fefedf0000 - 0x000007fefeec7000 	C:\Windows\system32\OLEAUT32.dll
0x000007fefcf30000 - 0x000007fefd133000 	C:\Windows\system32\ole32.dll
0x000007fefcd90000 - 0x000007fefcdaa000 	C:\Windows\system32\DEVOBJ.dll
0x000007fef92f0000 - 0x000007fef9333000 	C:\Program Files\NVIDIA Corporation\CoProcManager\nvdxgiwrapx.dll
0x0000000065080000 - 0x0000000065152000 	C:\Program Files\Java\jre7\bin\msvcr100.dll
0x00000000648b0000 - 0x0000000065079000 	C:\Program Files\Java\jre7\bin\server\jvm.dll
0x000007fef8bd0000 - 0x000007fef8bd9000 	C:\Windows\system32\WSOCK32.dll
0x000007fefd2a0000 - 0x000007fefd2ed000 	C:\Windows\system32\WS2_32.dll
0x000007fefe6f0000 - 0x000007fefe6f8000 	C:\Windows\system32\NSI.dll
0x000007fefa950000 - 0x000007fefa98b000 	C:\Windows\system32\WINMM.dll
0x0000000076eb0000 - 0x0000000076eb7000 	C:\Windows\system32\PSAPI.DLL
0x0000000070620000 - 0x000000007062f000 	C:\Program Files\Java\jre7\bin\verify.dll
0x0000000065540000 - 0x0000000065568000 	C:\Program Files\Java\jre7\bin\java.dll
0x0000000065520000 - 0x0000000065535000 	C:\Program Files\Java\jre7\bin\zip.dll
0x0000000065580000 - 0x0000000065612000 	C:\Users\Javi\AppData\Local\Temp\libgdxJavi\4a145a8a\gdx64.dll
0x0000000180000000 - 0x0000000180051000 	C:\Users\Javi\AppData\Local\Temp\libgdxJavi\15a3d019\lwjgl64.dll
0x000007fef1580000 - 0x000007fef169d000 	C:\Windows\system32\OPENGL32.dll
0x000007fef1550000 - 0x000007fef157d000 	C:\Windows\system32\GLU32.dll
0x000007fef1450000 - 0x000007fef1541000 	C:\Windows\system32\DDRAW.dll
0x000007fef3290000 - 0x000007fef3298000 	C:\Windows\system32\DCIMAN32.dll
0x000007fefacc0000 - 0x000007fefacd8000 	C:\Windows\system32\dwmapi.dll
0x000007fefbba0000 - 0x000007fefbbac000 	C:\Windows\system32\VERSION.dll
0x0000000005ec0000 - 0x0000000005f24000 	C:\Users\Javi\AppData\Local\Temp\libgdxJavi\15a3d019\OpenAL64.dll
0x000007fefd790000 - 0x000007fefe518000 	C:\Windows\system32\SHELL32.dll
0x000007fefc990000 - 0x000007fefc99f000 	C:\Windows\system32\CRYPTBASE.dll
0x000007fefb0a0000 - 0x000007fefb0f6000 	C:\Windows\system32\uxtheme.dll
0x000007fefe650000 - 0x000007fefe6e9000 	C:\Windows\system32\CLBCatQ.DLL
0x000007fefb4b0000 - 0x000007fefb5dc000 	C:\Windows\System32\PROPSYS.dll
0x000007fefcbc0000 - 0x000007fefcbfa000 	C:\Windows\system32\WINTRUST.dll
0x000007fefcc10000 - 0x000007fefcd7c000 	C:\Windows\system32\CRYPT32.dll
0x0000000001c20000 - 0x0000000001c2f000 	C:\Windows\system32\MSASN1.dll
0x000007fef13c0000 - 0x000007fef1448000 	C:\Windows\system32\dsound.dll
0x000007fefb740000 - 0x000007fefb76c000 	C:\Windows\system32\POWRPROF.dll
0x000007fefb5e0000 - 0x000007fefb62b000 	C:\Windows\System32\MMDevApi.dll
0x000007fefa820000 - 0x000007fefa86f000 	C:\Windows\system32\AUDIOSES.DLL
0x000000000f590000 - 0x000000001077b000 	C:\Windows\system32\ig4icd64.dll
0x000007fef9340000 - 0x000007fef93dc000 	C:\Windows\system32\mscms.dll
0x000007fefbd90000 - 0x000007fefbdae000 	C:\Windows\system32\USERENV.dll
0x000007fefcaa0000 - 0x000007fefcaaf000 	C:\Windows\system32\profapi.dll
0x000007fef0a50000 - 0x000007fef0a92000 	C:\Windows\system32\icm32.dll
0x0000000062840000 - 0x0000000062b9a000 	C:\Users\Javi\AppData\Local\Temp\libgdxJavi\61c02788\gdx-bullet64.dll
0x000007feee590000 - 0x000007feee6b5000 	C:\Windows\system32\dbghelp.dll

VM Arguments:
jvm_args: -Dfile.encoding=Cp1252 
java_command: com.perfectplay.org.Main
Launcher Type: SUN_STANDARD

Environment Variables:
JAVA_HOME=C:\Program Files\Java\jdk1.7.0_02
PATH=C:\Program Files (x86)\NVIDIA Corporation\PhysX\Common;C:\Program Files\Common Files\Microsoft Shared\Windows Live;C:\Windows\system32;C:\Windows;C:\Windows\System32\Wbem;C:\Windows\System32\WindowsPowerShell\v1.0\;C:\Program Files\Intel\WiFi\bin\;C:\Program Files\Common Files\Intel\WirelessCommon\;E:\Program Files\MATLAB\R2011b\bin;C:\Ant\bin;C:\Program Files\Microsoft\Web Platform Installer\;C:\Program Files (x86)\Microsoft ASP.NET\ASP.NET Web Pages\v1.0\;C:\Program Files (x86)\Windows Kits\8.0\Windows Performance Toolkit\;C:\Program Files\Microsoft SQL Server\110\Tools\Binn\;E:\Program Files\TortoiseSVN\bin;C:\Program Files\Common Files\Microsoft Shared\Windows Live;C:\Program Files\Intel\WiFi\bin\;C:\Program Files\Common Files\Intel\WirelessCommon\
USERNAME=Javi
OS=Windows_NT
PROCESSOR_IDENTIFIER=Intel64 Family 6 Model 42 Stepping 7, GenuineIntel



---------------  S Y S T E M  ---------------

OS: Windows 7 , 64 bit Build 7601 Service Pack 1

CPU:total 8 (4 cores per cpu, 2 threads per core) family 6 model 42 stepping 7, cmov, cx8, fxsr, mmx, sse, sse2, sse3, ssse3, sse4.1, sse4.2, popcnt, avx, aes, ht, tsc, tscinvbit

Memory: 4k page, physical 8300720k(1943280k free), swap 16599576k(3569956k free)

vm_info: Java HotSpot(TM) 64-Bit Server VM (24.45-b08) for windows-amd64 JRE (1.7.0_45-b18), built on Oct  8 2013 05:47:22 by "java_re" with unknown MS VC++:1600

time: Thu Mar 13 23:34:51 2014
elapsed time: 478 seconds

